C:\WORK\VRP\VRPMAPEDITORQT\VRPMAPEDITORQT.EXE
C:\work\VRP\VRPMapEditorQt\VRPMapEditorQt.pdb
C:\WORK\VRP\VRPMAPEDITORQT\VRPMAPEDITORQT\GENERATEDFILES\QRC_VRPMAPEDITORQT.CPP
C:\WORK\VRP\VRPMAPEDITORQT\VRPMAPEDITORQT\GENERATEDFILES\RELEASE\MOC_CCENTRALWIDGET.CPP
C:\WORK\VRP\VRPMAPEDITORQT\VRPMAPEDITORQT\GENERATEDFILES\RELEASE\MOC_GLWIDGET.CPP
C:\WORK\VRP\VRPMAPEDITORQT\VRPMAPEDITORQT\GENERATEDFILES\RELEASE\MOC_VRPMAPEDITORQT.CPP
C:\WORK\VRP\VRPMAPEDITORQT\VRPMAPEDITORQT\GENERATEDFILES\UI_CCENTRALWIDGET.H
C:\WORK\VRP\VRPMAPEDITORQT\VRPMAPEDITORQT\GENERATEDFILES\UI_NODEVIEWDIALOG.H
C:\WORK\VRP\VRPMAPEDITORQT\VRPMAPEDITORQT\GENERATEDFILES\UI_VRPMAPEDITORQT.H
C:\WORK\VRP\VRPMAPEDITORQT\VRPMAPEDITORQT\RELEASE\APPBASESTATE.OBJ
C:\WORK\VRP\VRPMAPEDITORQT\VRPMAPEDITORQT\RELEASE\APPMAPEDIT.OBJ
C:\WORK\VRP\VRPMAPEDITORQT\VRPMAPEDITORQT\RELEASE\CCENTRALWIDGET.OBJ
C:\work\VRP\VRPMapEditorQt\VRPMapEditorQt\Release\cl.command.1.tlog
C:\work\VRP\VRPMapEditorQt\VRPMapEditorQt\Release\CL.read.1.tlog
C:\work\VRP\VRPMapEditorQt\VRPMapEditorQt\Release\CL.write.1.tlog
C:\work\VRP\VRPMapEditorQt\VRPMapEditorQt\Release\custombuild.command.1.tlog
C:\work\VRP\VRPMapEditorQt\VRPMapEditorQt\Release\custombuild.read.1.tlog
C:\work\VRP\VRPMapEditorQt\VRPMapEditorQt\Release\custombuild.write.1.tlog
C:\WORK\VRP\VRPMAPEDITORQT\VRPMAPEDITORQT\RELEASE\DRAW2D.OBJ
C:\WORK\VRP\VRPMAPEDITORQT\VRPMAPEDITORQT\RELEASE\GLCAMERA.OBJ
C:\WORK\VRP\VRPMAPEDITORQT\VRPMAPEDITORQT\RELEASE\GLWIDGET.OBJ
C:\WORK\VRP\VRPMAPEDITORQT\VRPMAPEDITORQT\RELEASE\GRAPHALGORITHM.OBJ
C:\WORK\VRP\VRPMAPEDITORQT\VRPMAPEDITORQT\RELEASE\GRAPHMAP.OBJ
C:\WORK\VRP\VRPMAPEDITORQT\VRPMAPEDITORQT\RELEASE\GRAPHNODE.OBJ
C:\WORK\VRP\VRPMAPEDITORQT\VRPMAPEDITORQT\RELEASE\GRAPHROUTE.OBJ
C:\WORK\VRP\VRPMAPEDITORQT\VRPMAPEDITORQT\RELEASE\INPUTBASESTATE.OBJ
C:\WORK\VRP\VRPMAPEDITORQT\VRPMAPEDITORQT\RELEASE\INPUTMAPEDIT.OBJ
C:\WORK\VRP\VRPMAPEDITORQT\VRPMAPEDITORQT\RELEASE\INPUTMGR.OBJ
C:\work\VRP\VRPMapEditorQt\VRPMapEditorQt\Release\link.command.1.tlog
C:\work\VRP\VRPMapEditorQt\VRPMapEditorQt\Release\link.read.1.tlog
C:\work\VRP\VRPMapEditorQt\VRPMapEditorQt\Release\link.write.1.tlog
C:\work\VRP\VRPMapEditorQt\VRPMapEditorQt\Release\link-cvtres.read.1.tlog
C:\work\VRP\VRPMapEditorQt\VRPMapEditorQt\Release\link-cvtres.write.1.tlog
C:\WORK\VRP\VRPMAPEDITORQT\VRPMAPEDITORQT\RELEASE\MAIN.OBJ
C:\WORK\VRP\VRPMAPEDITORQT\VRPMAPEDITORQT\RELEASE\MAPOPERATIONS.OBJ
C:\WORK\VRP\VRPMAPEDITORQT\VRPMAPEDITORQT\RELEASE\MAPOPERATIONSGRAPHICS.OBJ
C:\WORK\VRP\VRPMAPEDITORQT\VRPMAPEDITORQT\RELEASE\MAPOPERATIONSIACCESS.OBJ
C:\WORK\VRP\VRPMAPEDITORQT\VRPMAPEDITORQT\RELEASE\MAPOPERATIONSINPUT.OBJ
C:\WORK\VRP\VRPMAPEDITORQT\VRPMAPEDITORQT\RELEASE\MATH_UTILS.OBJ
C:\WORK\VRP\VRPMAPEDITORQT\VRPMAPEDITORQT\RELEASE\MATRIX4X4.OBJ
C:\WORK\VRP\VRPMAPEDITORQT\VRPMAPEDITORQT\RELEASE\MOC_CCENTRALWIDGET.OBJ
C:\WORK\VRP\VRPMAPEDITORQT\VRPMAPEDITORQT\RELEASE\MOC_GLWIDGET.OBJ
C:\WORK\VRP\VRPMAPEDITORQT\VRPMAPEDITORQT\RELEASE\MOC_VRPMAPEDITORQT.OBJ
C:\work\VRP\VRPMapEditorQt\VRPMapEditorQt\Release\mt.command.1.tlog
C:\work\VRP\VRPMapEditorQt\VRPMapEditorQt\Release\mt.read.1.tlog
C:\work\VRP\VRPMapEditorQt\VRPMapEditorQt\Release\mt.write.1.tlog
C:\WORK\VRP\VRPMAPEDITORQT\VRPMAPEDITORQT\RELEASE\NODEVIEWDIALOG.OBJ
C:\WORK\VRP\VRPMAPEDITORQT\VRPMAPEDITORQT\RELEASE\OROUTESGENERATOR.OBJ
C:\WORK\VRP\VRPMAPEDITORQT\VRPMAPEDITORQT\RELEASE\OTEXTURES.OBJ
C:\WORK\VRP\VRPMAPEDITORQT\VRPMAPEDITORQT\RELEASE\OVEHICLEROUTE.OBJ
C:\WORK\VRP\VRPMAPEDITORQT\VRPMAPEDITORQT\RELEASE\QRC_VRPMAPEDITORQT.OBJ
C:\WORK\VRP\VRPMAPEDITORQT\VRPMAPEDITORQT\RELEASE\QUATERNION.OBJ
C:\work\VRP\VRPMapEditorQt\VRPMapEditorQt\Release\rc.command.1.tlog
C:\work\VRP\VRPMapEditorQt\VRPMapEditorQt\Release\rc.read.1.tlog
C:\work\VRP\VRPMapEditorQt\VRPMapEditorQt\Release\rc.write.1.tlog
C:\WORK\VRP\VRPMAPEDITORQT\VRPMAPEDITORQT\RELEASE\VARIOUSOBJECTS.OBJ
C:\WORK\VRP\VRPMAPEDITORQT\VRPMAPEDITORQT\RELEASE\VECTOR3.OBJ
C:\WORK\VRP\VRPMAPEDITORQT\VRPMAPEDITORQT\RELEASE\VECTOR4.OBJ
C:\WORK\VRP\VRPMAPEDITORQT\VRPMAPEDITORQT\RELEASE\VRPMAPEDITORQT.EXE.INTERMEDIATE.MANIFEST
C:\WORK\VRP\VRPMAPEDITORQT\VRPMAPEDITORQT\RELEASE\VRPMAPEDITORQT.OBJ
C:\WORK\VRP\VRPMAPEDITORQT\VRPMAPEDITORQT\RELEASE\VRPMAPEDITORQT.RES
